[2025-11-19 02:00:01] ==========================================
[2025-11-19 02:00:01] PostgreSQL Backup Script Started
[2025-11-19 02:00:01] ==========================================
[2025-11-19 02:00:01] Hostname: DESKTOP-538KG2U
[2025-11-19 02:00:01] Database: production_db
[2025-11-19 02:00:01] Backup Directory: /home/raabelgas/Laboratory Exercises/Lab8/backups
[2025-11-19 02:00:01] PostgreSQL server is accessible and ready
[2025-11-19 02:00:01] ===== Starting Logical Backup (pg_dump) =====
[2025-11-19 02:00:01] Database: production_db
[2025-11-19 02:00:01] Output file: /home/raabelgas/Laboratory Exercises/Lab8/backups/production_db_2025-11-19-020001.dump
[2025-11-19 02:00:01] SUCCESS: Logical backup completed successfully
[2025-11-19 02:00:01] Backup file size: 12K
[2025-11-19 02:00:01] ===== Starting Physical Base Backup (pg_basebackup) =====
[2025-11-19 02:00:01] Output file: /home/raabelgas/Laboratory Exercises/Lab8/backups/pg_base_backup_2025-11-19-020001.tar.gz
[2025-11-19 02:00:02] SUCCESS: Physical backup completed successfully
[2025-11-19 02:00:02] Backup file size: 4.1M
[2025-11-19 02:00:02] All backups completed successfully. Proceeding to cloud upload...
[2025-11-19 02:00:02] ===== Starting Cloud Upload to Google Drive =====
[2025-11-19 02:00:02] Remote: gdrive_backups:postgresql_backups
[2025-11-19 02:00:02] Uploading logical backup: Laboratory
[2025-11-19 02:00:06] SUCCESS: Logical backup uploaded to Google Drive
[2025-11-19 02:00:06] Uploading physical backup: Laboratory
[2025-11-19 02:00:13] SUCCESS: Physical backup uploaded to Google Drive
[2025-11-19 02:00:13] ===== ALL TASKS COMPLETED SUCCESSFULLY =====
[2025-11-19 02:00:13] Email notification sent successfully: SUCCESS: PostgreSQL Backup and Upload
[2025-11-19 02:00:13] Starting cleanup of backups older than 7 days...
[2025-11-19 02:00:13] Cleanup completed. Removed 0 old backup file(s).
[2025-11-19 02:00:13] PostgreSQL Backup Script Completed Successfully
[2025-11-19 02:00:13] ==========================================
